# JRE version: OpenJDK Runtime Environment (23.0) (slowdebug build 23-internal-adhoc.root.lworldfp16)
# Java VM: OpenJDK 64-Bit Server VM (slowdebug 23-internal-adhoc.root.lworldfp16, mixed mode, tiered, compressed oops, compressed class ptrs, g1 gc, linux-amd64)
GC Precious Log:
 CardTable entry size: 512
 Card Set container configuration: InlinePtr #cards 3 size 8 Array Of Cards #cards 128 size 272 Howl #buckets 8 coarsen threshold 29491 Howl Bitmap #cards 4096 size 528 coarsen threshold 3686 Card regions per heap region 1 cards per card region 32768
 CPUs: 112 total, 112 available
 Memory: 754G
 Large Page Support: Disabled
 NUMA Support: Disabled
 Compressed Oops: Enabled (Zero based)
 Heap Region Size: 16M
 Heap Min Capacity: 16M
 Heap Initial Capacity: 2G
 Heap Max Capacity: 30208M
 Pre-touch: Disabled
 Parallel Workers: 73
 Concurrent Workers: 18
 Concurrent Refinement Workers: 73
 Periodic GC: Disabled
Heap:
 garbage-first heap   total reserved 30932992K, committed 6291456K, used 246639K [0x00000000a0000000, 0x0000000800000000)
  region size 16384K, 17 young (278528K), 1 survivors (16384K)
 Metaspace       used 8264K, committed 8384K, reserved 1114112K
  class space    used 715K, committed 768K, reserved 1048576K
GC Heap History (10 events):
Event: 63.138 GC heap before
{Heap before GC invocations=0 (full 0):
 garbage-first heap   total reserved 30932992K, committed 2097152K, used 98304K [0x00000000a0000000, 0x0000000800000000)
  region size 16384K, 6 young (98304K), 0 survivors (0K)
 Metaspace       used 8093K, committed 8256K, reserved 1114112K
  class space    used 700K, committed 768K, reserved 1048576K
}
Event: 65.568 GC heap after
{Heap after GC invocations=1 (full 0):
 garbage-first heap   total reserved 30932992K, committed 2097152K, used 2288K [0x00000000a0000000, 0x0000000800000000)
  region size 16384K, 1 young (16384K), 1 survivors (16384K)
 Metaspace       used 8093K, committed 8256K, reserved 1114112K
  class space    used 700K, committed 768K, reserved 1048576K
}
Event: 65.826 GC heap before
{Heap before GC invocations=1 (full 0):
 garbage-first heap   total reserved 30932992K, committed 2097152K, used 84208K [0x00000000a0000000, 0x0000000800000000)
  region size 16384K, 6 young (98304K), 1 survivors (16384K)
 Metaspace       used 8094K, committed 8256K, reserved 1114112K
  class space    used 700K, committed 768K, reserved 1048576K
}
Event: 66.008 GC heap after
{Heap after GC invocations=2 (full 0):
 garbage-first heap   total reserved 30932992K, committed 2097152K, used 849K [0x00000000a0000000, 0x0000000800000000)
  region size 16384K, 1 young (16384K), 1 survivors (16384K)
 Metaspace       used 8094K, committed 8256K, reserved 1114112K
  class space    used 700K, committed 768K, reserved 1048576K
}
Event: 66.161 GC heap before
{Heap before GC invocations=2 (full 0):
 garbage-first heap   total reserved 30932992K, committed 2097152K, used 82769K [0x00000000a0000000, 0x0000000800000000)
  region size 16384K, 6 young (98304K), 1 survivors (16384K)
 Metaspace       used 8094K, committed 8256K, reserved 1114112K
  class space    used 700K, committed 768K, reserved 1048576K
}
Event: 66.261 GC heap after
{Heap after GC invocations=3 (full 0):
 garbage-first heap   total reserved 30932992K, committed 2097152K, used 849K [0x00000000a0000000, 0x0000000800000000)
  region size 16384K, 1 young (16384K), 1 survivors (16384K)
 Metaspace       used 8094K, committed 8256K, reserved 1114112K
  class space    used 700K, committed 768K, reserved 1048576K
}
Event: 66.397 GC heap before
{Heap before GC invocations=3 (full 0):
 garbage-first heap   total reserved 30932992K, committed 2097152K, used 82769K [0x00000000a0000000, 0x0000000800000000)
  region size 16384K, 6 young (98304K), 1 survivors (16384K)
 Metaspace       used 8094K, committed 8256K, reserved 1114112K
  class space    used 700K, committed 768K, reserved 1048576K
}
Event: 66.490 GC heap after
{Heap after GC invocations=4 (full 0):
 garbage-first heap   total reserved 30932992K, committed 2097152K, used 842K [0x00000000a0000000, 0x0000000800000000)
  region size 16384K, 1 young (16384K), 1 survivors (16384K)
 Metaspace       used 8094K, committed 8256K, reserved 1114112K
  class space    used 700K, committed 768K, reserved 1048576K
}
Event: 66.632 GC heap before
{Heap before GC invocations=4 (full 0):
 garbage-first heap   total reserved 30932992K, committed 2097152K, used 82762K [0x00000000a0000000, 0x0000000800000000)
  region size 16384K, 6 young (98304K), 1 survivors (16384K)
 Metaspace       used 8094K, committed 8256K, reserved 1114112K
  class space    used 700K, committed 768K, reserved 1048576K
}
Event: 66.819 GC heap after
{Heap after GC invocations=5 (full 0):
 garbage-first heap   total reserved 30932992K, committed 6291456K, used 842K [0x00000000a0000000, 0x0000000800000000)
  region size 16384K, 1 young (16384K), 1 survivors (16384K)
 Metaspace       used 8094K, committed 8256K, reserved 1114112K
  class space    used 700K, committed 768K, reserved 1048576K
}

