# JRE version: OpenJDK Runtime Environment (23.0) (slowdebug build 23-internal-adhoc.root.lworldfp16)
# Java VM: OpenJDK 64-Bit Server VM (slowdebug 23-internal-adhoc.root.lworldfp16, mixed mode, sharing, tiered, compressed oops, compressed class ptrs, g1 gc, linux-amd64)
GC Precious Log:
 CardTable entry size: 512
 Card Set container configuration: InlinePtr #cards 3 size 8 Array Of Cards #cards 128 size 272 Howl #buckets 8 coarsen threshold 29491 Howl Bitmap #cards 4096 size 528 coarsen threshold 3686 Card regions per heap region 1 cards per card region 32768
 CPUs: 112 total, 112 available
 Memory: 754G
 Large Page Support: Disabled
 NUMA Support: Disabled
 Compressed Oops: Enabled (Zero based)
 Heap Region Size: 16M
 Heap Min Capacity: 16M
 Heap Initial Capacity: 2G
 Heap Max Capacity: 30208M
 Pre-touch: Disabled
 Parallel Workers: 73
 Concurrent Workers: 18
 Concurrent Refinement Workers: 73
 Periodic GC: Disabled
Heap:
 garbage-first heap   total reserved 30932992K, committed 4227072K, used 132394K [0x00000000a0000000, 0x0000000800000000)
  region size 16384K, 11 young (180224K), 1 survivors (16384K)
 Metaspace       used 259K, committed 448K, reserved 1114112K
  class space    used 19K, committed 128K, reserved 1048576K
GC Heap History (14 events):
Event: 8576.262 GC heap before
{Heap before GC invocations=0 (full 0):
 garbage-first heap   total reserved 30932992K, committed 2113536K, used 99356K [0x00000000a0000000, 0x0000000800000000)
  region size 16384K, 6 young (98304K), 0 survivors (0K)
 Metaspace       used 124K, committed 320K, reserved 1114112K
  class space    used 6K, committed 128K, reserved 1048576K
}
Event: 8579.092 GC heap after
{Heap after GC invocations=1 (full 0):
 garbage-first heap   total reserved 30932992K, committed 2113536K, used 3006K [0x00000000a0000000, 0x0000000800000000)
  region size 16384K, 1 young (16384K), 1 survivors (16384K)
 Metaspace       used 124K, committed 320K, reserved 1114112K
  class space    used 6K, committed 128K, reserved 1048576K
}
Event: 8582.618 GC heap before
{Heap before GC invocations=1 (full 0):
 garbage-first heap   total reserved 30932992K, committed 2113536K, used 84926K [0x00000000a0000000, 0x0000000800000000)
  region size 16384K, 6 young (98304K), 1 survivors (16384K)
 Metaspace       used 140K, committed 384K, reserved 1114112K
  class space    used 7K, committed 128K, reserved 1048576K
}
Event: 8583.062 GC heap after
{Heap after GC invocations=2 (full 0):
 garbage-first heap   total reserved 30932992K, committed 2113536K, used 1253K [0x00000000a0000000, 0x0000000800000000)
  region size 16384K, 1 young (16384K), 1 survivors (16384K)
 Metaspace       used 140K, committed 384K, reserved 1114112K
  class space    used 7K, committed 128K, reserved 1048576K
}
Event: 8584.846 GC heap before
{Heap before GC invocations=2 (full 0):
 garbage-first heap   total reserved 30932992K, committed 2113536K, used 83173K [0x00000000a0000000, 0x0000000800000000)
  region size 16384K, 6 young (98304K), 1 survivors (16384K)
 Metaspace       used 149K, committed 384K, reserved 1114112K
  class space    used 8K, committed 128K, reserved 1048576K
}
Event: 8584.985 GC heap after
{Heap after GC invocations=3 (full 0):
 garbage-first heap   total reserved 30932992K, committed 2113536K, used 1280K [0x00000000a0000000, 0x0000000800000000)
  region size 16384K, 1 young (16384K), 1 survivors (16384K)
 Metaspace       used 149K, committed 384K, reserved 1114112K
  class space    used 8K, committed 128K, reserved 1048576K
}
Event: 8586.926 GC heap before
{Heap before GC invocations=3 (full 0):
 garbage-first heap   total reserved 30932992K, committed 2113536K, used 83200K [0x00000000a0000000, 0x0000000800000000)
  region size 16384K, 6 young (98304K), 1 survivors (16384K)
 Metaspace       used 157K, committed 384K, reserved 1114112K
  class space    used 9K, committed 128K, reserved 1048576K
}
Event: 8587.116 GC heap after
{Heap after GC invocations=4 (full 0):
 garbage-first heap   total reserved 30932992K, committed 2113536K, used 1301K [0x00000000a0000000, 0x0000000800000000)
  region size 16384K, 1 young (16384K), 1 survivors (16384K)
 Metaspace       used 157K, committed 384K, reserved 1114112K
  class space    used 9K, committed 128K, reserved 1048576K
}
Event: 8589.391 GC heap before
{Heap before GC invocations=4 (full 0):
 garbage-first heap   total reserved 30932992K, committed 2113536K, used 83221K [0x00000000a0000000, 0x0000000800000000)
  region size 16384K, 6 young (98304K), 1 survivors (16384K)
 Metaspace       used 171K, committed 384K, reserved 1114112K
  class space    used 9K, committed 128K, reserved 1048576K
}
Event: 8589.628 GC heap after
{Heap after GC invocations=5 (full 0):
 garbage-first heap   total reserved 30932992K, committed 2113536K, used 1293K [0x00000000a0000000, 0x0000000800000000)
  region size 16384K, 1 young (16384K), 1 survivors (16384K)
 Metaspace       used 171K, committed 384K, reserved 1114112K
  class space    used 9K, committed 128K, reserved 1048576K
}
Event: 8591.696 GC heap before
{Heap before GC invocations=5 (full 0):
 garbage-first heap   total reserved 30932992K, committed 2113536K, used 83213K [0x00000000a0000000, 0x0000000800000000)
  region size 16384K, 6 young (98304K), 1 survivors (16384K)
 Metaspace       used 177K, committed 384K, reserved 1114112K
  class space    used 9K, committed 128K, reserved 1048576K
}
Event: 8591.804 GC heap after
{Heap after GC invocations=6 (full 0):
 garbage-first heap   total reserved 30932992K, committed 4227072K, used 1282K [0x00000000a0000000, 0x0000000800000000)
  region size 16384K, 1 young (16384K), 1 survivors (16384K)
 Metaspace       used 177K, committed 384K, reserved 1114112K
  class space    used 9K, committed 128K, reserved 1048576K
}
Event: 8595.678 GC heap before
{Heap before GC invocations=6 (full 0):
 garbage-first heap   total reserved 30932992K, committed 4227072K, used 181506K [0x00000000a0000000, 0x0000000800000000)
  region size 16384K, 12 young (196608K), 1 survivors (16384K)
 Metaspace       used 208K, committed 384K, reserved 1114112K
  class space    used 13K, committed 128K, reserved 1048576K
}
Event: 8595.916 GC heap after
{Heap after GC invocations=7 (full 0):
 garbage-first heap   total reserved 30932992K, committed 4227072K, used 1322K [0x00000000a0000000, 0x0000000800000000)
  region size 16384K, 1 young (16384K), 1 survivors (16384K)
 Metaspace       used 208K, committed 384K, reserved 1114112K
  class space    used 13K, committed 128K, reserved 1048576K
}

