# JRE version: OpenJDK Runtime Environment (25.0) (slowdebug build 25-internal-adhoc.root.jdk)
# Java VM: OpenJDK 64-Bit Server VM (slowdebug 25-internal-adhoc.root.jdk, mixed mode, sharing, tiered, compressed class ptrs, z gc, linux-amd64)
GC Precious Log:
 NUMA Support: Enabled
 NUMA Nodes: 2
 CPUs: 112 total, 112 available
 Memory: 772718M
 Large Page Support: Disabled
 Address Space Size: unlimited
 Reserved Space: limit 4096G, desired 320M, requested 320M
 Reserved Space Type: Contiguous/Unrestricted/Complete
 Reserved Space Size: 320M
 Heap Backing File: /memfd:java_heap
 Heap Backing Filesystem: tmpfs (0x1021994)
 Min Capacity: 10M
 Initial Capacity: 10M
 Max Capacity: 10M
 Soft Max Capacity: 10M
 Medium Page Size: N/A
 Pre-touch: Disabled
 Available space on backing filesystem: N/A
 Uncommit: Implicitly Disabled (-Xms equals -Xmx)
 GC Workers for Old Generation: 1 (dynamic)
 GC Workers for Young Generation: 1 (dynamic)
 GC Workers Max: 1 (dynamic)
 Runtime Workers: 1
Heap:
 ZHeap           used 6M, capacity 10M, max capacity 10M
  Partition 0    used 4M, capacity 6M, max capacity 6M
   Cache         2M (1)
    size classes 2M (1)
  Partition 1    used 2M, capacity 4M, max capacity 4M
   Cache         2M (1)
    size classes 2M (1)
 Metaspace       used 93K, committed 320K, reserved 1114112K
  class space    used 3K, committed 128K, reserved 1048576K
GC Heap History (28 events):
Event: 173.194 GC heap before
{Heap before GC invocations=0 (full 0):
 ZHeap           used 2M, capacity 10M, max capacity 10M
  Partition 0    used 2M, capacity 6M, max capacity 6M
   Cache         4M (1)
    size classes 4M (1)
  Partition 1    used 0M, capacity 4M, max capacity 4M
   Cache         4M (1)
    size classes 4M (1)
 Metaspace       used 20K, committed 128K, reserved 1114112K
  class space    used 1K, committed 64K, reserved 1048576K
}
Event: 173.406 GC heap after
{Heap after GC invocations=1 (full 1):
 ZHeap           used 4M, capacity 10M, max capacity 10M
  Partition 0    used 4M, capacity 6M, max capacity 6M
   Cache         2M (1)
    size classes 2M (1)
  Partition 1    used 0M, capacity 4M, max capacity 4M
   Cache         4M (1)
    size classes 4M (1)
 Metaspace       used 31K, committed 128K, reserved 1114112K
  class space    used 1K, committed 64K, reserved 1048576K
}
Event: 173.406 GC heap before
{Heap before GC invocations=1 (full 1):
 ZHeap           used 4M, capacity 10M, max capacity 10M
  Partition 0    used 4M, capacity 6M, max capacity 6M
   Cache         2M (1)
    size classes 2M (1)
  Partition 1    used 0M, capacity 4M, max capacity 4M
   Cache         4M (1)
    size classes 4M (1)
 Metaspace       used 31K, committed 128K, reserved 1114112K
  class space    used 1K, committed 64K, reserved 1048576K
}
Event: 173.460 GC heap after
{Heap after GC invocations=1 (full 1):
 ZHeap           used 4M, capacity 10M, max capacity 10M
  Partition 0    used 4M, capacity 6M, max capacity 6M
   Cache         2M (1)
    size classes 2M (1)
  Partition 1    used 0M, capacity 4M, max capacity 4M
   Cache         4M (1)
    size classes 4M (1)
 Metaspace       used 34K, committed 128K, reserved 1114112K
  class space    used 1K, committed 64K, reserved 1048576K
}
Event: 173.469 GC heap before
{Heap before GC invocations=1 (full 1):
 ZHeap           used 4M, capacity 10M, max capacity 10M
  Partition 0    used 4M, capacity 6M, max capacity 6M
   Cache         2M (1)
    size classes 2M (1)
  Partition 1    used 0M, capacity 4M, max capacity 4M
   Cache         4M (1)
    size classes 4M (1)
 Metaspace       used 36K, committed 128K, reserved 1114112K
  class space    used 1K, committed 64K, reserved 1048576K
}
Event: 173.530 GC heap after
{Heap after GC invocations=2 (full 2):
 ZHeap           used 8M, capacity 10M, max capacity 10M
  Partition 0    used 4M, capacity 6M, max capacity 6M
   Cache         2M (1)
    size classes 2M (1)
  Partition 1    used 4M, capacity 4M, max capacity 4M
   Cache         0M (0)
 Metaspace       used 47K, committed 128K, reserved 1114112K
  class space    used 1K, committed 64K, reserved 1048576K
}
Event: 173.530 GC heap before
{Heap before GC invocations=2 (full 2):
 ZHeap           used 8M, capacity 10M, max capacity 10M
  Partition 0    used 4M, capacity 6M, max capacity 6M
   Cache         2M (1)
    size classes 2M (1)
  Partition 1    used 4M, capacity 4M, max capacity 4M
   Cache         0M (0)
 Metaspace       used 47K, committed 128K, reserved 1114112K
  class space    used 1K, committed 64K, reserved 1048576K
}
Event: 173.532 GC heap before
{Heap before GC invocations=2 (full 2):
 ZHeap           used 8M, capacity 10M, max capacity 10M
  Partition 0    used 4M, capacity 6M, max capacity 6M
   Cache         2M (1)
    size classes 2M (1)
  Partition 1    used 4M, capacity 4M, max capacity 4M
   Cache         0M (0)
 Metaspace       used 48K, committed 128K, reserved 1114112K
  class space    used 1K, committed 64K, reserved 1048576K
}
Event: 173.575 GC heap after
{Heap after GC invocations=3 (full 2):
 ZHeap           used 10M, capacity 10M, max capacity 10M
  Partition 0    used 6M, capacity 6M, max capacity 6M
   Cache         0M (0)
  Partition 1    used 4M, capacity 4M, max capacity 4M
   Cache         0M (0)
 Metaspace       used 67K, committed 192K, reserved 1114112K
  class space    used 1K, committed 64K, reserved 1048576K
}
Event: 173.579 GC heap before
{Heap before GC invocations=3 (full 2):
 ZHeap           used 10M, capacity 10M, max capacity 10M
  Partition 0    used 6M, capacity 6M, max capacity 6M
   Cache         0M (0)
  Partition 1    used 4M, capacity 4M, max capacity 4M
   Cache         0M (0)
 Metaspace       used 67K, committed 192K, reserved 1114112K
  class space    used 1K, committed 64K, reserved 1048576K
}
Event: 173.645 GC heap after
{Heap after GC invocations=4 (full 2):
 ZHeap           used 10M, capacity 10M, max capacity 10M
  Partition 0    used 6M, capacity 6M, max capacity 6M
   Cache         0M (0)
  Partition 1    used 4M, capacity 4M, max capacity 4M
   Cache         0M (0)
 Metaspace       used 67K, committed 192K, reserved 1114112K
  class space    used 1K, committed 64K, reserved 1048576K
}
Event: 173.645 GC heap before
{Heap before GC invocations=4 (full 2):
 ZHeap           used 10M, capacity 10M, max capacity 10M
  Partition 0    used 6M, capacity 6M, max capacity 6M
   Cache         0M (0)
  Partition 1    used 4M, capacity 4M, max capacity 4M
   Cache         0M (0)
 Metaspace       used 67K, committed 192K, reserved 1114112K
  class space    used 1K, committed 64K, reserved 1048576K
}
Event: 173.703 GC heap after
{Heap after GC invocations=5 (full 2):
 ZHeap           used 10M, capacity 10M, max capacity 10M
  Partition 0    used 6M, capacity 6M, max capacity 6M
   Cache         0M (0)
  Partition 1    used 4M, capacity 4M, max capacity 4M
   Cache         0M (0)
 Metaspace       used 67K, committed 192K, reserved 1114112K
  class space    used 1K, committed 64K, reserved 1048576K
}
Event: 173.711 GC heap before
{Heap before GC invocations=5 (full 2):
 ZHeap           used 10M, capacity 10M, max capacity 10M
  Partition 0    used 6M, capacity 6M, max capacity 6M
   Cache         0M (0)
  Partition 1    used 4M, capacity 4M, max capacity 4M
   Cache         0M (0)
 Metaspace       used 67K, committed 192K, reserved 1114112K
  class space    used 1K, committed 64K, reserved 1048576K
}
Event: 173.742 GC heap after
{Heap after GC invocations=6 (full 2):
 ZHeap           used 10M, capacity 10M, max capacity 10M
  Partition 0    used 6M, capacity 6M, max capacity 6M
   Cache         0M (0)
  Partition 1    used 4M, capacity 4M, max capacity 4M
   Cache         0M (0)
 Metaspace       used 67K, committed 192K, reserved 1114112K
  class space    used 1K, committed 64K, reserved 1048576K
}
Event: 173.742 GC heap after
{Heap after GC invocations=6 (full 2):
 ZHeap           used 10M, capacity 10M, max capacity 10M
  Partition 0    used 6M, capacity 6M, max capacity 6M
   Cache         0M (0)
  Partition 1    used 4M, capacity 4M, max capacity 4M
   Cache         0M (0)
 Metaspace       used 67K, committed 192K, reserved 1114112K
  class space    used 1K, committed 64K, reserved 1048576K
}
Event: 173.742 GC heap before
{Heap before GC invocations=6 (full 2):
 ZHeap           used 10M, capacity 10M, max capacity 10M
  Partition 0    used 6M, capacity 6M, max capacity 6M
   Cache         0M (0)
  Partition 1    used 4M, capacity 4M, max capacity 4M
   Cache         0M (0)
 Metaspace       used 67K, committed 192K, reserved 1114112K
  class space    used 1K, committed 64K, reserved 1048576K
}
Event: 173.748 GC heap after
{Heap after GC invocations=7 (full 2):
 ZHeap           used 10M, capacity 10M, max capacity 10M
  Partition 0    used 6M, capacity 6M, max capacity 6M
   Cache         0M (0)
  Partition 1    used 4M, capacity 4M, max capacity 4M
   Cache         0M (0)
 Metaspace       used 67K, committed 192K, reserved 1114112K
  class space    used 1K, committed 64K, reserved 1048576K
}
Event: 173.748 GC heap before
{Heap before GC invocations=7 (full 2):
 ZHeap           used 10M, capacity 10M, max capacity 10M
  Partition 0    used 6M, capacity 6M, max capacity 6M
   Cache         0M (0)
  Partition 1    used 4M, capacity 4M, max capacity 4M
   Cache         0M (0)
 Metaspace       used 67K, committed 192K, reserved 1114112K
  class space    used 1K, committed 64K, reserved 1048576K
}
Event: 173.753 GC heap after
{Heap after GC invocations=8 (full 3):
 ZHeap           used 10M, capacity 10M, max capacity 10M
  Partition 0    used 6M, capacity 6M, max capacity 6M
   Cache         0M (0)
  Partition 1    used 4M, capacity 4M, max capacity 4M
   Cache         0M (0)
 Metaspace       used 67K, committed 192K, reserved 1114112K
  class space    used 1K, committed 64K, reserved 1048576K
}
Event: 173.753 GC heap before
{Heap before GC invocations=8 (full 3):
 ZHeap           used 10M, capacity 10M, max capacity 10M
  Partition 0    used 6M, capacity 6M, max capacity 6M
   Cache         0M (0)
  Partition 1    used 4M, capacity 4M, max capacity 4M
   Cache         0M (0)
 Metaspace       used 67K, committed 192K, reserved 1114112K
  class space    used 1K, committed 64K, reserved 1048576K
}
Event: 173.844 GC heap before
{Heap before GC invocations=8 (full 3):
 ZHeap           used 8M, capacity 10M, max capacity 10M
  Partition 0    used 4M, capacity 6M, max capacity 6M
   Cache         2M (1)
    size classes 2M (1)
  Partition 1    used 4M, capacity 4M, max capacity 4M
   Cache         0M (0)
 Metaspace       used 67K, committed 192K, reserved 1114112K
  class space    used 1K, committed 64K, reserved 1048576K
}
Event: 173.866 GC heap after
{Heap after GC invocations=9 (full 3):
 ZHeap           used 8M, capacity 10M, max capacity 10M
  Partition 0    used 4M, capacity 6M, max capacity 6M
   Cache         2M (1)
    size classes 2M (1)
  Partition 1    used 4M, capacity 4M, max capacity 4M
   Cache         0M (0)
 Metaspace       used 80K, committed 192K, reserved 1114112K
  class space    used 2K, committed 64K, reserved 1048576K
}
Event: 173.866 GC heap after
{Heap after GC invocations=9 (full 3):
 ZHeap           used 8M, capacity 10M, max capacity 10M
  Partition 0    used 4M, capacity 6M, max capacity 6M
   Cache         2M (1)
    size classes 2M (1)
  Partition 1    used 4M, capacity 4M, max capacity 4M
   Cache         0M (0)
 Metaspace       used 80K, committed 192K, reserved 1114112K
  class space    used 2K, committed 64K, reserved 1048576K
}
Event: 173.876 GC heap before
{Heap before GC invocations=9 (full 3):
 ZHeap           used 8M, capacity 10M, max capacity 10M
  Partition 0    used 4M, capacity 6M, max capacity 6M
   Cache         2M (1)
    size classes 2M (1)
  Partition 1    used 4M, capacity 4M, max capacity 4M
   Cache         0M (0)
 Metaspace       used 89K, committed 320K, reserved 1114112K
  class space    used 3K, committed 128K, reserved 1048576K
}
Event: 282.574 GC heap after
{Heap after GC invocations=10 (full 4):
 ZHeap           used 10M, capacity 10M, max capacity 10M
  Partition 0    used 6M, capacity 6M, max capacity 6M
   Cache         0M (0)
  Partition 1    used 4M, capacity 4M, max capacity 4M
   Cache         0M (0)
 Metaspace       used 93K, committed 320K, reserved 1114112K
  class space    used 3K, committed 128K, reserved 1048576K
}
Event: 282.574 GC heap before
{Heap before GC invocations=10 (full 4):
 ZHeap           used 10M, capacity 10M, max capacity 10M
  Partition 0    used 6M, capacity 6M, max capacity 6M
   Cache         0M (0)
  Partition 1    used 4M, capacity 4M, max capacity 4M
   Cache         0M (0)
 Metaspace       used 93K, committed 320K, reserved 1114112K
  class space    used 3K, committed 128K, reserved 1048576K
}
Event: 283.929 GC heap before
{Heap before GC invocations=10 (full 4):
 ZHeap           used 10M, capacity 10M, max capacity 10M
  Partition 0    used 6M, capacity 6M, max capacity 6M
   Cache         0M (0)
  Partition 1    used 4M, capacity 4M, max capacity 4M
   Cache         0M (0)
 Metaspace       used 93K, committed 320K, reserved 1114112K
  class space    used 3K, committed 128K, reserved 1048576K
}

